#
# There is insufficient memory for the Java Runtime Environment to continue.
# Native memory allocation (malloc) failed to allocate 1048576 bytes for AllocateHeap
# Possible reasons:
#   The system is out of physical RAM or swap space
#   The process is running with CompressedOops enabled, and the Java Heap may be blocking the growth of the native heap
# Possible solutions:
#   Reduce memory load on the system
#   Increase physical memory or swap space
#   Check if swap backing store is full
#   Decrease Java heap size (-Xmx/-Xms)
#   Decrease number of Java threads
#   Decrease Java thread stack sizes (-Xss)
#   Set larger code cache with -XX:ReservedCodeCacheSize=
# This output file may be truncated or incomplete.
#
#  Out of Memory Error (c:/BuildAgent/work/5ff2f6c26000d570/src/hotspot/share/memory/allocation.cpp:46), pid=292, tid=2796
#
# JRE version:  (11.0.3+12) (build )
# Java VM: OpenJDK 64-Bit Server VM (11.0.3+12-b304.56, mixed mode, aot, sharing, tiered, compressed oops, g1 gc, windows-amd64)
# No core dump will be written. Minidumps are not enabled by default on client versions of Windows
#

---------------  S U M M A R Y ------------

Command Line: org.jetbrains.git4idea.http.GitAskPassApp Username for 'https://github.com': 

Host: Intel(R) Core(TM) i5-7200U CPU @ 2.50GHz, 4 cores, 3G,  Windows 10 , 64 bit Build 18362 (10.0.18362.329)
Time: Sat Mar 28 12:58:30 2020 India Standard Time elapsed time: 0 seconds (0d 0h 0m 0s)

---------------  T H R E A D  ---------------

Current thread (0x0000016d9eda5000):  JavaThread "Unknown thread" [_thread_in_vm, id=2796, stack(0x0000006a58400000,0x0000006a58500000)]

Stack: [0x0000006a58400000,0x0000006a58500000]
Native frames: (J=compiled Java code, j=interpreted, Vv=VM code, C=native code)
V  [jvm.dll+0x5da77a]
V  [jvm.dll+0x70b9c9]
V  [jvm.dll+0x70cee8]
V  [jvm.dll+0x70d5b3]
V  [jvm.dll+0x23ddc8]
V  [jvm.dll+0xb0bf4]
V  [jvm.dll+0x2dcf22]
V  [jvm.dll+0x2d60ca]
V  [jvm.dll+0x6eabf7]
V  [jvm.dll+0x6ec38c]
V  [jvm.dll+0x354c29]
V  [jvm.dll+0x6d28ae]
V  [jvm.dll+0x3bd363]
V  [jvm.dll+0x3bf7a1]
C  [java.exe+0x3763]
C  [java.exe+0x17a0c]
C  [KERNEL32.DLL+0x17bd4]
C  [ntdll.dll+0x6ced1]


---------------  P R O C E S S  ---------------

Threads class SMR info:
_java_thread_list=0x0000016d9cb63e30, length=0, elements={
}

Java Threads: ( => current thread )

Other Threads:
  0x0000016d9edbe000 GCTaskThread "GC Thread#0" [stack: 0x0000006a58500000,0x0000006a58600000] [id=15268]

[error occurred during error reporting (printing all threads), id 0xc0000005, EXCEPTION_ACCESS_VIOLATION (0xc0000005) at pc=0x00007fff79c02250]

VM state:not at safepoint (not fully initialized)

VM Mutex/Monitor currently owned by a thread:  ([mutex/lock_event])
[0x0000016d9eda1020] Heap_lock - owner thread: 0x0000016d9eda5000

Heap address: 0x00000000c1400000, size: 1004 MB, Compressed Oops mode: Non-zero based: 0x00000000c1400000
Narrow klass base: 0x0000000000000000, Narrow klass shift: 0

GC Heap History (0 events):
No events

Deoptimization events (0 events):
No events

Classes redefined (0 events):
No events

Internal exceptions (0 events):
No events

Events (0 events):
No events


Dynamic libraries:
0x00007ff60e310000 - 0x00007ff60e357000 	C:\Program Files\JetBrains\IntelliJ IDEA 2019.2.2\jbr\bin\java.exe
0x00007fffc52e0000 - 0x00007fffc54d0000 	C:\WINDOWS\SYSTEM32\ntdll.dll
0x00007fffc3890000 - 0x00007fffc3942000 	C:\WINDOWS\System32\KERNEL32.DLL
0x00007fffc23c0000 - 0x00007fffc2663000 	C:\WINDOWS\System32\KERNELBASE.dll
0x00007fffc4350000 - 0x00007fffc44e4000 	C:\WINDOWS\System32\USER32.dll
0x00007fffc31c0000 - 0x00007fffc31e1000 	C:\WINDOWS\System32\win32u.dll
0x00007fffc45b0000 - 0x00007fffc45d6000 	C:\WINDOWS\System32\GDI32.dll
0x00007fffc31f0000 - 0x00007fffc3384000 	C:\WINDOWS\System32\gdi32full.dll
0x00007fffc3120000 - 0x00007fffc31be000 	C:\WINDOWS\System32\msvcp_win.dll
0x00007fffc22c0000 - 0x00007fffc23ba000 	C:\WINDOWS\System32\ucrtbase.dll
0x00007fffb0980000 - 0x00007fffb0c05000 	C:\WINDOWS\WinSxS\amd64_microsoft.windows.common-controls_6595b64144ccf1df_6.0.18362.657_none_e6c5b579130e3898\COMCTL32.dll
0x00007fffc3450000 - 0x00007fffc34ee000 	C:\WINDOWS\System32\msvcrt.dll
0x00007fffc34f0000 - 0x00007fffc3826000 	C:\WINDOWS\System32\combase.dll
0x00007fffc4b00000 - 0x00007fffc4c20000 	C:\WINDOWS\System32\RPCRT4.dll
0x00007fffc30a0000 - 0x00007fffc3120000 	C:\WINDOWS\System32\bcryptPrimitives.dll
0x00007fffc5180000 - 0x00007fffc51ae000 	C:\WINDOWS\System32\IMM32.DLL
0x00007fffb2490000 - 0x00007fffb24a7000 	C:\Program Files\JetBrains\IntelliJ IDEA 2019.2.2\jbr\bin\vcruntime140.dll
0x00007fffa82a0000 - 0x00007fffa833d000 	C:\Program Files\JetBrains\IntelliJ IDEA 2019.2.2\jbr\bin\msvcp140.dll
0x00007fff79920000 - 0x00007fff7a3d7000 	C:\Program Files\JetBrains\IntelliJ IDEA 2019.2.2\jbr\bin\server\jvm.dll
0x00007fffc4a50000 - 0x00007fffc4af3000 	C:\WINDOWS\System32\ADVAPI32.dll
0x00007fffc4dc0000 - 0x00007fffc4e57000 	C:\WINDOWS\System32\sechost.dll
0x00007fffc4e60000 - 0x00007fffc4e68000 	C:\WINDOWS\System32\PSAPI.DLL
0x00007fffbd710000 - 0x00007fffbd71a000 	C:\WINDOWS\SYSTEM32\VERSION.dll
0x00007fffb0f00000 - 0x00007fffb0f09000 	C:\WINDOWS\SYSTEM32\WSOCK32.dll
0x00007fffbfe60000 - 0x00007fffbfe84000 	C:\WINDOWS\SYSTEM32\WINMM.dll
0x00007fffc3950000 - 0x00007fffc39bf000 	C:\WINDOWS\System32\WS2_32.dll
0x00007fffbf990000 - 0x00007fffbf9bd000 	C:\WINDOWS\SYSTEM32\WINMMBASE.dll
0x00007fffc2f00000 - 0x00007fffc2f4a000 	C:\WINDOWS\System32\cfgmgr32.dll
0x00007fffc21c0000 - 0x00007fffc21d1000 	C:\WINDOWS\System32\kernel.appcore.dll
0x00007fffb9330000 - 0x00007fffb9341000 	C:\Program Files\JetBrains\IntelliJ IDEA 2019.2.2\jbr\bin\verify.dll
0x00007fffc0a80000 - 0x00007fffc0c74000 	C:\WINDOWS\SYSTEM32\DBGHELP.DLL
0x00007fffb1e80000 - 0x00007fffb1eaa000 	C:\WINDOWS\SYSTEM32\dbgcore.DLL
0x00007fffad840000 - 0x00007fffad869000 	C:\Program Files\JetBrains\IntelliJ IDEA 2019.2.2\jbr\bin\java.dll
0x00007fffb92d0000 - 0x00007fffb92e7000 	C:\Program Files\JetBrains\IntelliJ IDEA 2019.2.2\jbr\bin\zip.dll
0x00007fffb91f0000 - 0x00007fffb91fb000 	C:\Program Files\JetBrains\IntelliJ IDEA 2019.2.2\jbr\bin\jimage.dll

dbghelp: loaded successfully - version: 4.0.5 - missing functions: none
symbol engine: initialized successfully - sym options: 0x614 - pdb path: .;C:\Program Files\JetBrains\IntelliJ IDEA 2019.2.2\jbr\bin;C:\WINDOWS\SYSTEM32;C:\WINDOWS\WinSxS\amd64_microsoft.windows.common-controls_6595b64144ccf1df_6.0.18362.657_none_e6c5b579130e3898;C:\Program Files\JetBrains\IntelliJ IDEA 2019.2.2\jbr\bin\server

VM Arguments:
java_command: org.jetbrains.git4idea.http.GitAskPassApp Username for 'https://github.com': 
java_class_path (initial): C:/Program Files/JetBrains/IntelliJ IDEA 2019.2.2/plugins/git4idea/lib/git4idea-rt.jar;C:/Program Files/JetBrains/IntelliJ IDEA 2019.2.2/lib/xmlrpc-2.0.1.jar;C:/Program Files/JetBrains/IntelliJ IDEA 2019.2.2/lib/commons-codec-1.13.jar;C:/Program Files/JetBrains/IntelliJ IDEA 2019.2.2/lib/util.jar
Launcher Type: SUN_STANDARD

[Global flags]
     intx CICompilerCount                          = 3                                         {product} {ergonomic}
     uint ConcGCThreads                            = 1                                         {product} {ergonomic}
     uint G1ConcRefinementThreads                  = 4                                         {product} {ergonomic}
   size_t G1HeapRegionSize                         = 1048576                                   {product} {ergonomic}
    uintx GCDrainStackTargetSize                   = 64                                        {product} {ergonomic}
   size_t InitialHeapSize                          = 67108864                                  {product} {ergonomic}
   size_t MarkStackSize                            = 4194304                                   {product} {ergonomic}
   size_t MaxHeapSize                              = 1052770304                                {product} {ergonomic}
   size_t MinHeapDeltaBytes                        = 1048576                                   {product} {ergonomic}
    uintx NonNMethodCodeHeapSize                   = 5830092                                {pd product} {ergonomic}
    uintx NonProfiledCodeHeapSize                  = 122914074                              {pd product} {ergonomic}
    uintx ProfiledCodeHeapSize                     = 122914074                              {pd product} {ergonomic}
    uintx ReservedCodeCacheSize                    = 251658240                              {pd product} {ergonomic}
     bool SegmentedCodeCache                       = true                                      {product} {ergonomic}
     bool UseCompressedClassPointers               = true                                 {lp64_product} {ergonomic}
     bool UseCompressedOops                        = true                                 {lp64_product} {ergonomic}
     bool UseG1GC                                  = true                                      {product} {ergonomic}
     bool UseLargePagesIndividualAllocation        = false                                  {pd product} {ergonomic}

Logging:
Log output configuration:
 #0: stdout all=warning uptime,level,tags
 #1: stderr all=off uptime,level,tags

Environment Variables:
PATH=C:\Program Files\Git\mingw64\libexec\git-core;C:\Program Files\Git\mingw64\libexec\git-core;C:\Program Files\Git\mingw64\bin;C:\Program Files\Git\usr\bin;C:\Users\AKANKSHA SHARMA\bin;C:\Program Files (x86)\Python38-32\Scripts;C:\Program Files (x86)\Python38-32;C:\Program Files\Java\jdk-12.0.2\bin;C:\Program Files (x86)\Intel\iCLS Client;C:\Program Files\Intel\iCLS Client;C:\WINDOWS\system32;C:\WINDOWS;C:\WINDOWS\System32\Wbem;C:\WINDOWS\System32\WindowsPowerShell\v1.0;C:\Program Files (x86)\Intel\Intel(R) Management Engine Components\DAL;C:\Program Files\Intel\Intel(R) Management Engine Components\DAL;C:\Program Files (x86)\Intel\Intel(R) Management Engine Components\IPT;C:\Program Files\Intel\Intel(R) Management Engine Components\IPT;C:\WINDOWS\System32\OpenSSH;C:\Users\AKANKSHA SHARMA\AppData\Local\Microsoft\WindowsApps
USERNAME=AKANKSHA SHARMA
DISPLAY=:0.0
OS=Windows_NT
PROCESSOR_IDENTIFIER=Intel64 Family 6 Model 142 Stepping 9, GenuineIntel



---------------  S Y S T E M  ---------------

OS: Windows 10 , 64 bit Build 18362 (10.0.18362.329)

CPU:total 4 (initial active 4) (2 cores per cpu, 2 threads per core) family 6 model 142 stepping 9, cmov, cx8, fxsr, mmx, sse, sse2, sse3, ssse3, sse4.1, sse4.2, popcnt, avx, avx2, aes, clmul, erms, 3dnowpref, lzcnt, ht, tsc, tscinvbit, bmi1, bmi2, adx, fma

Memory: 4k page, system-wide physical 4012M (417M free)
TotalPageFile size 7082M (AvailPageFile size 5M)
current process WorkingSet (physical memory assigned to process): 9M, peak: 9M
current process commit charge ("private bytes"): 48M, peak: 49M

vm_info: OpenJDK 64-Bit Server VM (11.0.3+12-b304.56) for windows-amd64 JRE (11.0.3+12-b304.56), built on Sep  3 2019 10:54:25 by "" with MS VC++ 14.0 (VS2015)

END.
